<?xml version="1.0" encoding="UTF-8"?>
<testsuite xmlns:xsi="http://www.w3.org/2001/XMLSchema-instance" xsi:noNamespaceSchemaLocation="https://maven.apache.org/surefire/maven-surefire-plugin/xsd/surefire-test-report-3.0.xsd" version="3.0" name="TestSuite" time="38.973" tests="2" errors="0" skipped="0" failures="1">
  <properties>
    <property name="gopherProxySet" value="false"/>
    <property name="awt.toolkit" value="sun.lwawt.macosx.LWCToolkit"/>
    <property name="file.encoding.pkg" value="sun.io"/>
    <property name="java.specification.version" value="1.8"/>
    <property name="webdriver.chrome.driver" value="/usr/local/bin/chromedriver"/>
    <property name="sun.cpu.isalist" value=""/>
    <property name="sun.jnu.encoding" value="UTF-8"/>
    <property name="java.class.path" value="/Users/zmehta/eclipse-workspace/farmleadautomation/target/test-classes:/Users/zmehta/eclipse-workspace/farmleadautomation/target/classes:/Users/zmehta/.m2/repository/org/testng/testng/7.3.0/testng-7.3.0.jar:/Users/zmehta/.m2/repository/com/beust/jcommander/1.78/jcommander-1.78.jar:/Users/zmehta/.m2/repository/org/apache/ant/ant/1.10.3/ant-1.10.3.jar:/Users/zmehta/.m2/repository/org/apache/ant/ant-launcher/1.10.3/ant-launcher-1.10.3.jar:/Users/zmehta/.m2/repository/junit/junit/4.12/junit-4.12.jar:/Users/zmehta/.m2/repository/org/hamcrest/hamcrest-core/1.3/hamcrest-core-1.3.jar:/Users/zmehta/.m2/repository/com/google/inject/guice/4.2.2/guice-4.2.2-no_aop.jar:/Users/zmehta/.m2/repository/javax/inject/javax.inject/1/javax.inject-1.jar:/Users/zmehta/.m2/repository/aopalliance/aopalliance/1.0/aopalliance-1.0.jar:/Users/zmehta/.m2/repository/org/yaml/snakeyaml/1.21/snakeyaml-1.21.jar:/Users/zmehta/.m2/repository/org/seleniumhq/selenium/selenium-java/3.141.59/selenium-java-3.141.59.jar:/Users/zmehta/.m2/repository/org/seleniumhq/selenium/selenium-api/3.141.59/selenium-api-3.141.59.jar:/Users/zmehta/.m2/repository/org/seleniumhq/selenium/selenium-chrome-driver/3.141.59/selenium-chrome-driver-3.141.59.jar:/Users/zmehta/.m2/repository/org/seleniumhq/selenium/selenium-edge-driver/3.141.59/selenium-edge-driver-3.141.59.jar:/Users/zmehta/.m2/repository/org/seleniumhq/selenium/selenium-firefox-driver/3.141.59/selenium-firefox-driver-3.141.59.jar:/Users/zmehta/.m2/repository/org/seleniumhq/selenium/selenium-ie-driver/3.141.59/selenium-ie-driver-3.141.59.jar:/Users/zmehta/.m2/repository/org/seleniumhq/selenium/selenium-opera-driver/3.141.59/selenium-opera-driver-3.141.59.jar:/Users/zmehta/.m2/repository/org/seleniumhq/selenium/selenium-remote-driver/3.141.59/selenium-remote-driver-3.141.59.jar:/Users/zmehta/.m2/repository/org/seleniumhq/selenium/selenium-safari-driver/3.141.59/selenium-safari-driver-3.141.59.jar:/Users/zmehta/.m2/repository/org/seleniumhq/selenium/selenium-support/3.141.59/selenium-support-3.141.59.jar:/Users/zmehta/.m2/repository/net/bytebuddy/byte-buddy/1.8.15/byte-buddy-1.8.15.jar:/Users/zmehta/.m2/repository/org/apache/commons/commons-exec/1.3/commons-exec-1.3.jar:/Users/zmehta/.m2/repository/com/google/guava/guava/25.0-jre/guava-25.0-jre.jar:/Users/zmehta/.m2/repository/com/google/code/findbugs/jsr305/1.3.9/jsr305-1.3.9.jar:/Users/zmehta/.m2/repository/org/checkerframework/checker-compat-qual/2.0.0/checker-compat-qual-2.0.0.jar:/Users/zmehta/.m2/repository/com/google/errorprone/error_prone_annotations/2.1.3/error_prone_annotations-2.1.3.jar:/Users/zmehta/.m2/repository/com/google/j2objc/j2objc-annotations/1.1/j2objc-annotations-1.1.jar:/Users/zmehta/.m2/repository/org/codehaus/mojo/animal-sniffer-annotations/1.14/animal-sniffer-annotations-1.14.jar:/Users/zmehta/.m2/repository/com/squareup/okhttp3/okhttp/3.11.0/okhttp-3.11.0.jar:/Users/zmehta/.m2/repository/com/squareup/okio/okio/1.14.0/okio-1.14.0.jar:/Users/zmehta/.m2/repository/com/aventstack/extentreports/5.0.1/extentreports-5.0.1.jar:/Users/zmehta/.m2/repository/io/reactivex/rxjava3/rxjava/3.0.4/rxjava-3.0.4.jar:/Users/zmehta/.m2/repository/org/reactivestreams/reactive-streams/1.0.3/reactive-streams-1.0.3.jar:/Users/zmehta/.m2/repository/org/freemarker/freemarker/2.3.30/freemarker-2.3.30.jar:/Users/zmehta/.m2/repository/org/projectlombok/lombok/1.18.12/lombok-1.18.12.jar:/Users/zmehta/.m2/repository/com/google/code/gson/gson/2.8.6/gson-2.8.6.jar:/Users/zmehta/.m2/repository/log4j/log4j/1.2.17/log4j-1.2.17.jar:/Users/zmehta/.m2/repository/org/apache/poi/poi/3.16/poi-3.16.jar:/Users/zmehta/.m2/repository/commons-codec/commons-codec/1.10/commons-codec-1.10.jar:/Users/zmehta/.m2/repository/org/apache/commons/commons-collections4/4.1/commons-collections4-4.1.jar:/Users/zmehta/.m2/repository/org/apache/poi/poi-ooxml/3.16/poi-ooxml-3.16.jar:/Users/zmehta/.m2/repository/org/apache/poi/poi-ooxml-schemas/3.16/poi-ooxml-schemas-3.16.jar:/Users/zmehta/.m2/repository/org/apache/xmlbeans/xmlbeans/2.6.0/xmlbeans-2.6.0.jar:/Users/zmehta/.m2/repository/stax/stax-api/1.0.1/stax-api-1.0.1.jar:/Users/zmehta/.m2/repository/com/github/virtuald/curvesapi/1.04/curvesapi-1.04.jar:"/>
    <property name="java.vm.vendor" value="Oracle Corporation"/>
    <property name="sun.arch.data.model" value="64"/>
    <property name="java.vendor.url" value="http://java.oracle.com/"/>
    <property name="user.timezone" value="America/Toronto"/>
    <property name="java.vm.specification.version" value="1.8"/>
    <property name="os.name" value="Mac OS X"/>
    <property name="user.country" value="CA"/>
    <property name="sun.java.launcher" value="SUN_STANDARD"/>
    <property name="sun.boot.library.path" value="/Library/Java/JavaVirtualMachines/jdk1.8.0_281.jdk/Contents/Home/jre/lib"/>
    <property name="sun.java.command" value="/Users/zmehta/eclipse-workspace/farmleadautomation/target/surefire/surefirebooter6050756968410352542.jar /Users/zmehta/eclipse-workspace/farmleadautomation/target/surefire 2021-03-14T15-44-57_118-jvmRun1 surefire7497508539725008568tmp surefire_01221602017631940052tmp"/>
    <property name="http.nonProxyHosts" value="local|*.local|169.254/16|*.169.254/16"/>
    <property name="surefire.test.class.path" value="/Users/zmehta/eclipse-workspace/farmleadautomation/target/test-classes:/Users/zmehta/eclipse-workspace/farmleadautomation/target/classes:/Users/zmehta/.m2/repository/org/testng/testng/7.3.0/testng-7.3.0.jar:/Users/zmehta/.m2/repository/com/beust/jcommander/1.78/jcommander-1.78.jar:/Users/zmehta/.m2/repository/org/apache/ant/ant/1.10.3/ant-1.10.3.jar:/Users/zmehta/.m2/repository/org/apache/ant/ant-launcher/1.10.3/ant-launcher-1.10.3.jar:/Users/zmehta/.m2/repository/junit/junit/4.12/junit-4.12.jar:/Users/zmehta/.m2/repository/org/hamcrest/hamcrest-core/1.3/hamcrest-core-1.3.jar:/Users/zmehta/.m2/repository/com/google/inject/guice/4.2.2/guice-4.2.2-no_aop.jar:/Users/zmehta/.m2/repository/javax/inject/javax.inject/1/javax.inject-1.jar:/Users/zmehta/.m2/repository/aopalliance/aopalliance/1.0/aopalliance-1.0.jar:/Users/zmehta/.m2/repository/org/yaml/snakeyaml/1.21/snakeyaml-1.21.jar:/Users/zmehta/.m2/repository/org/seleniumhq/selenium/selenium-java/3.141.59/selenium-java-3.141.59.jar:/Users/zmehta/.m2/repository/org/seleniumhq/selenium/selenium-api/3.141.59/selenium-api-3.141.59.jar:/Users/zmehta/.m2/repository/org/seleniumhq/selenium/selenium-chrome-driver/3.141.59/selenium-chrome-driver-3.141.59.jar:/Users/zmehta/.m2/repository/org/seleniumhq/selenium/selenium-edge-driver/3.141.59/selenium-edge-driver-3.141.59.jar:/Users/zmehta/.m2/repository/org/seleniumhq/selenium/selenium-firefox-driver/3.141.59/selenium-firefox-driver-3.141.59.jar:/Users/zmehta/.m2/repository/org/seleniumhq/selenium/selenium-ie-driver/3.141.59/selenium-ie-driver-3.141.59.jar:/Users/zmehta/.m2/repository/org/seleniumhq/selenium/selenium-opera-driver/3.141.59/selenium-opera-driver-3.141.59.jar:/Users/zmehta/.m2/repository/org/seleniumhq/selenium/selenium-remote-driver/3.141.59/selenium-remote-driver-3.141.59.jar:/Users/zmehta/.m2/repository/org/seleniumhq/selenium/selenium-safari-driver/3.141.59/selenium-safari-driver-3.141.59.jar:/Users/zmehta/.m2/repository/org/seleniumhq/selenium/selenium-support/3.141.59/selenium-support-3.141.59.jar:/Users/zmehta/.m2/repository/net/bytebuddy/byte-buddy/1.8.15/byte-buddy-1.8.15.jar:/Users/zmehta/.m2/repository/org/apache/commons/commons-exec/1.3/commons-exec-1.3.jar:/Users/zmehta/.m2/repository/com/google/guava/guava/25.0-jre/guava-25.0-jre.jar:/Users/zmehta/.m2/repository/com/google/code/findbugs/jsr305/1.3.9/jsr305-1.3.9.jar:/Users/zmehta/.m2/repository/org/checkerframework/checker-compat-qual/2.0.0/checker-compat-qual-2.0.0.jar:/Users/zmehta/.m2/repository/com/google/errorprone/error_prone_annotations/2.1.3/error_prone_annotations-2.1.3.jar:/Users/zmehta/.m2/repository/com/google/j2objc/j2objc-annotations/1.1/j2objc-annotations-1.1.jar:/Users/zmehta/.m2/repository/org/codehaus/mojo/animal-sniffer-annotations/1.14/animal-sniffer-annotations-1.14.jar:/Users/zmehta/.m2/repository/com/squareup/okhttp3/okhttp/3.11.0/okhttp-3.11.0.jar:/Users/zmehta/.m2/repository/com/squareup/okio/okio/1.14.0/okio-1.14.0.jar:/Users/zmehta/.m2/repository/com/aventstack/extentreports/5.0.1/extentreports-5.0.1.jar:/Users/zmehta/.m2/repository/io/reactivex/rxjava3/rxjava/3.0.4/rxjava-3.0.4.jar:/Users/zmehta/.m2/repository/org/reactivestreams/reactive-streams/1.0.3/reactive-streams-1.0.3.jar:/Users/zmehta/.m2/repository/org/freemarker/freemarker/2.3.30/freemarker-2.3.30.jar:/Users/zmehta/.m2/repository/org/projectlombok/lombok/1.18.12/lombok-1.18.12.jar:/Users/zmehta/.m2/repository/com/google/code/gson/gson/2.8.6/gson-2.8.6.jar:/Users/zmehta/.m2/repository/log4j/log4j/1.2.17/log4j-1.2.17.jar:/Users/zmehta/.m2/repository/org/apache/poi/poi/3.16/poi-3.16.jar:/Users/zmehta/.m2/repository/commons-codec/commons-codec/1.10/commons-codec-1.10.jar:/Users/zmehta/.m2/repository/org/apache/commons/commons-collections4/4.1/commons-collections4-4.1.jar:/Users/zmehta/.m2/repository/org/apache/poi/poi-ooxml/3.16/poi-ooxml-3.16.jar:/Users/zmehta/.m2/repository/org/apache/poi/poi-ooxml-schemas/3.16/poi-ooxml-schemas-3.16.jar:/Users/zmehta/.m2/repository/org/apache/xmlbeans/xmlbeans/2.6.0/xmlbeans-2.6.0.jar:/Users/zmehta/.m2/repository/stax/stax-api/1.0.1/stax-api-1.0.1.jar:/Users/zmehta/.m2/repository/com/github/virtuald/curvesapi/1.04/curvesapi-1.04.jar:"/>
    <property name="sun.cpu.endian" value="little"/>
    <property name="user.home" value="/Users/zmehta"/>
    <property name="user.language" value="en"/>
    <property name="java.specification.vendor" value="Oracle Corporation"/>
    <property name="java.home" value="/Library/Java/JavaVirtualMachines/jdk1.8.0_281.jdk/Contents/Home/jre"/>
    <property name="basedir" value="/Users/zmehta/eclipse-workspace/farmleadautomation"/>
    <property name="file.separator" value="/"/>
    <property name="line.separator" value="&#10;"/>
    <property name="java.vm.specification.vendor" value="Oracle Corporation"/>
    <property name="java.specification.name" value="Java Platform API Specification"/>
    <property name="java.awt.graphicsenv" value="sun.awt.CGraphicsEnvironment"/>
    <property name="surefire.real.class.path" value="/Users/zmehta/eclipse-workspace/farmleadautomation/target/surefire/surefirebooter6050756968410352542.jar"/>
    <property name="sun.boot.class.path" value="/Library/Java/JavaVirtualMachines/jdk1.8.0_281.jdk/Contents/Home/jre/lib/resources.jar:/Library/Java/JavaVirtualMachines/jdk1.8.0_281.jdk/Contents/Home/jre/lib/rt.jar:/Library/Java/JavaVirtualMachines/jdk1.8.0_281.jdk/Contents/Home/jre/lib/sunrsasign.jar:/Library/Java/JavaVirtualMachines/jdk1.8.0_281.jdk/Contents/Home/jre/lib/jsse.jar:/Library/Java/JavaVirtualMachines/jdk1.8.0_281.jdk/Contents/Home/jre/lib/jce.jar:/Library/Java/JavaVirtualMachines/jdk1.8.0_281.jdk/Contents/Home/jre/lib/charsets.jar:/Library/Java/JavaVirtualMachines/jdk1.8.0_281.jdk/Contents/Home/jre/lib/jfr.jar:/Library/Java/JavaVirtualMachines/jdk1.8.0_281.jdk/Contents/Home/jre/classes"/>
    <property name="sun.management.compiler" value="HotSpot 64-Bit Tiered Compilers"/>
    <property name="ftp.nonProxyHosts" value="local|*.local|169.254/16|*.169.254/16"/>
    <property name="java.runtime.version" value="1.8.0_281-b09"/>
    <property name="user.name" value="zmehta"/>
    <property name="path.separator" value=":"/>
    <property name="os.version" value="10.16"/>
    <property name="java.endorsed.dirs" value="/Library/Java/JavaVirtualMachines/jdk1.8.0_281.jdk/Contents/Home/jre/lib/endorsed"/>
    <property name="java.runtime.name" value="Java(TM) SE Runtime Environment"/>
    <property name="file.encoding" value="UTF-8"/>
    <property name="java.vm.name" value="Java HotSpot(TM) 64-Bit Server VM"/>
    <property name="localRepository" value="/Users/zmehta/.m2/repository"/>
    <property name="java.vendor.url.bug" value="http://bugreport.sun.com/bugreport/"/>
    <property name="java.io.tmpdir" value="/var/folders/7m/66l8t6293l9flh7sq7vnhhv40000gr/T/"/>
    <property name="java.version" value="1.8.0_281"/>
    <property name="user.dir" value="/Users/zmehta/eclipse-workspace/farmleadautomation"/>
    <property name="os.arch" value="x86_64"/>
    <property name="java.vm.specification.name" value="Java Virtual Machine Specification"/>
    <property name="java.awt.printerjob" value="sun.lwawt.macosx.CPrinterJob"/>
    <property name="sun.os.patch.level" value="unknown"/>
    <property name="java.library.path" value="/Users/zmehta/Library/Java/Extensions:/Library/Java/Extensions:/Network/Library/Java/Extensions:/System/Library/Java/Extensions:/usr/lib/java:."/>
    <property name="java.vm.info" value="mixed mode"/>
    <property name="java.vendor" value="Oracle Corporation"/>
    <property name="java.vm.version" value="25.281-b09"/>
    <property name="java.ext.dirs" value="/Users/zmehta/Library/Java/Extensions:/Library/Java/JavaVirtualMachines/jdk1.8.0_281.jdk/Contents/Home/jre/lib/ext:/Library/Java/Extensions:/Network/Library/Java/Extensions:/System/Library/Java/Extensions:/usr/lib/java"/>
    <property name="sun.io.unicode.encoding" value="UnicodeBig"/>
    <property name="java.class.version" value="52.0"/>
    <property name="socksNonProxyHosts" value="local|*.local|169.254/16|*.169.254/16"/>
  </properties>
  <testcase name="C191_BrowseMarketplaceForageAndStrawComodity[z.mehta@farmlead.com, ZalakK-26](1)" classname="com.farmlead.testcases.HomeMarketPlaceTest" time="9.695">
    <failure type="java.lang.AssertionError"><![CDATA[java.lang.AssertionError
	at com.farmlead.testcases.HomeMarketPlaceTest.C191_BrowseMarketplaceForageAndStrawComodity(HomeMarketPlaceTest.java:37)
]]></failure>
    <system-out><![CDATA[[TestNGContentHandler] [WARN] It is strongly recommended to add "<!DOCTYPE suite SYSTEM "https://testng.org/testng-1.0.dtd" >" at the top of your file, otherwise TestNG may fail or not work as expected.
Extent Report/Users/zmehta/eclipse-workspace/farmleadautomation/reports/index_2021_03_14_15_45_02_640.html
2021-03-14 15:45:02 INFO  TestBase:29 - 
2021-03-14 15:45:02 INFO  TestBase:30 - /src/test/resources/resources/Config.properties
chrome
2021-03-14 15:45:05 INFO  HomeMarketPlaceTest:30 - C191_BrowseMarketplaceForageAndStrawComodity
2021-03-14 15:45:06 INFO  HomeMarketPlaceTest:32 - z.mehta@farmlead.com
Read:Canola
False:Alfalfa:Canola
False:Alfalfa/Grass:Canola
False:Alfalfa/Mixed Grass:Canola
False:Alfalfa/Timothy:Canola
False:Barley:Canola
Read:Corn
False:Alfalfa:Corn
False:Alfalfa/Grass:Corn
False:Alfalfa/Mixed Grass:Corn
False:Alfalfa/Timothy:Corn
False:Barley:Corn
Read:Barley
False:Alfalfa:Barley
False:Alfalfa/Grass:Barley
False:Alfalfa/Mixed Grass:Barley
False:Alfalfa/Timothy:Barley
True:Barley:Barley
Read:Alfalfa/Timothy
False:Alfalfa:Alfalfa/Timothy
False:Alfalfa/Grass:Alfalfa/Timothy
False:Alfalfa/Mixed Grass:Alfalfa/Timothy
True:Alfalfa/Timothy:Alfalfa/Timothy
Read:Bermuda
False:Alfalfa:Bermuda
False:Alfalfa/Grass:Bermuda
False:Alfalfa/Mixed Grass:Bermuda
False:Alfalfa/Timothy:Bermuda
False:Barley:Bermuda
Read:Brome
False:Alfalfa:Brome
False:Alfalfa/Grass:Brome
False:Alfalfa/Mixed Grass:Brome
False:Alfalfa/Timothy:Brome
False:Barley:Brome
Read:Barley
False:Alfalfa:Barley
False:Alfalfa/Grass:Barley
False:Alfalfa/Mixed Grass:Barley
False:Alfalfa/Timothy:Barley
True:Barley:Barley
Read:Bermuda
False:Alfalfa:Bermuda
False:Alfalfa/Grass:Bermuda
False:Alfalfa/Mixed Grass:Bermuda
False:Alfalfa/Timothy:Bermuda
False:Barley:Bermuda
Read:Alfalfa/Grass
False:Alfalfa:Alfalfa/Grass
True:Alfalfa/Grass:Alfalfa/Grass
Read:Barley
False:Alfalfa:Barley
False:Alfalfa/Grass:Barley
False:Alfalfa/Mixed Grass:Barley
False:Alfalfa/Timothy:Barley
True:Barley:Barley
Read:Corn
False:Alfalfa:Corn
False:Alfalfa/Grass:Corn
False:Alfalfa/Mixed Grass:Corn
False:Alfalfa/Timothy:Corn
False:Barley:Corn
Read:Barley
False:Alfalfa:Barley
False:Alfalfa/Grass:Barley
False:Alfalfa/Mixed Grass:Barley
False:Alfalfa/Timothy:Barley
True:Barley:Barley
Read:Alfalfa/Grass
False:Alfalfa:Alfalfa/Grass
True:Alfalfa/Grass:Alfalfa/Grass
Read:Alfalfa
True:Alfalfa:Alfalfa
Read:Crested Wheat
False:Alfalfa:Crested Wheat
False:Alfalfa/Grass:Crested Wheat
False:Alfalfa/Mixed Grass:Crested Wheat
False:Alfalfa/Timothy:Crested Wheat
False:Barley:Crested Wheat
Read:Clover
False:Alfalfa:Clover
False:Alfalfa/Grass:Clover
False:Alfalfa/Mixed Grass:Clover
False:Alfalfa/Timothy:Clover
False:Barley:Clover
Read:Alfalfa/Timothy
False:Alfalfa:Alfalfa/Timothy
False:Alfalfa/Grass:Alfalfa/Timothy
False:Alfalfa/Mixed Grass:Alfalfa/Timothy
True:Alfalfa/Timothy:Alfalfa/Timothy
Read:Clover
False:Alfalfa:Clover
False:Alfalfa/Grass:Clover
False:Alfalfa/Mixed Grass:Clover
False:Alfalfa/Timothy:Clover
False:Barley:Clover
Read:Bermuda
False:Alfalfa:Bermuda
False:Alfalfa/Grass:Bermuda
False:Alfalfa/Mixed Grass:Bermuda
False:Alfalfa/Timothy:Bermuda
False:Barley:Bermuda
false
false
true
true
false
false
true
false
true
true
false
true
true
true
false
false
true
false
]]></system-out>
    <system-err><![CDATA[log4j:ERROR Could not find value for key log4j.appender.DEBUG
log4j:ERROR Could not instantiate appender named "DEBUG".
Starting ChromeDriver 88.0.4324.96 (68dba2d8a0b149a1d3afac56fa74648032bcf46b-refs/branch-heads/4324@{#1784}) on port 28128
Only local connections are allowed.
Please see https://chromedriver.chromium.org/security-considerations for suggestions on keeping ChromeDriver safe.
ChromeDriver was started successfully.
Mar 14, 2021 3:45:04 PM org.openqa.selenium.remote.ProtocolHandshake createSession
INFO: Detected dialect: W3C
]]></system-err>
  </testcase>
  <testcase name="C191_BrowseMarketplaceForageAndStrawForage[z.mehta@farmlead.com, ZalakK-26](1)" classname="com.farmlead.testcases.HomeMarketPlaceTest" time="9.364">
    <system-out><![CDATA[2021-03-14 15:45:17 INFO  TestBase:29 - chrome
2021-03-14 15:45:17 INFO  TestBase:30 - /src/test/resources/resources/Config.properties
chrome
Read:Legume Hay
False:Grass Hay:Legume Hay
False:Greenfeed:Legume Hay
False:Haylage:Legume Hay
True:Legume Hay:Legume Hay
Read:Mixed Hay
False:Grass Hay:Mixed Hay
False:Greenfeed:Mixed Hay
False:Haylage:Mixed Hay
False:Legume Hay:Mixed Hay
True:Mixed Hay:Mixed Hay
Read:Legume Hay
False:Grass Hay:Legume Hay
False:Greenfeed:Legume Hay
False:Haylage:Legume Hay
True:Legume Hay:Legume Hay
Read:Mixed Hay
False:Grass Hay:Mixed Hay
False:Greenfeed:Mixed Hay
False:Haylage:Mixed Hay
False:Legume Hay:Mixed Hay
True:Mixed Hay:Mixed Hay
Read:Haylage
False:Grass Hay:Haylage
False:Greenfeed:Haylage
True:Haylage:Haylage
Read:Legume Hay
False:Grass Hay:Legume Hay
False:Greenfeed:Legume Hay
False:Haylage:Legume Hay
True:Legume Hay:Legume Hay
Read:Haylage
False:Grass Hay:Haylage
False:Greenfeed:Haylage
True:Haylage:Haylage
Read:Legume Hay
False:Grass Hay:Legume Hay
False:Greenfeed:Legume Hay
False:Haylage:Legume Hay
True:Legume Hay:Legume Hay
Read:Greenfeed
False:Grass Hay:Greenfeed
True:Greenfeed:Greenfeed
Read:Mixed Hay
False:Grass Hay:Mixed Hay
False:Greenfeed:Mixed Hay
False:Haylage:Mixed Hay
False:Legume Hay:Mixed Hay
True:Mixed Hay:Mixed Hay
Read:Legume Hay
False:Grass Hay:Legume Hay
False:Greenfeed:Legume Hay
False:Haylage:Legume Hay
True:Legume Hay:Legume Hay
Read:Mixed Hay
False:Grass Hay:Mixed Hay
False:Greenfeed:Mixed Hay
False:Haylage:Mixed Hay
False:Legume Hay:Mixed Hay
True:Mixed Hay:Mixed Hay
Read:Greenfeed
False:Grass Hay:Greenfeed
True:Greenfeed:Greenfeed
Read:Greenfeed
False:Grass Hay:Greenfeed
True:Greenfeed:Greenfeed
Read:Silage
False:Grass Hay:Silage
False:Greenfeed:Silage
False:Haylage:Silage
False:Legume Hay:Silage
False:Mixed Hay:Silage
True:Silage:Silage
Read:Haylage
False:Grass Hay:Haylage
False:Greenfeed:Haylage
True:Haylage:Haylage
Read:Straw
False:Grass Hay:Straw
False:Greenfeed:Straw
False:Haylage:Straw
False:Legume Hay:Straw
False:Mixed Hay:Straw
False:Silage:Straw
True:Straw:Straw
Read:Silage
False:Grass Hay:Silage
False:Greenfeed:Silage
False:Haylage:Silage
False:Legume Hay:Silage
False:Mixed Hay:Silage
True:Silage:Silage
Read:Mixed Hay
False:Grass Hay:Mixed Hay
False:Greenfeed:Mixed Hay
False:Haylage:Mixed Hay
False:Legume Hay:Mixed Hay
True:Mixed Hay:Mixed Hay
true
true
true
true
true
true
true
true
true
true
true
true
true
true
true
true
true
true
]]></system-out>
    <system-err><![CDATA[Starting ChromeDriver 88.0.4324.96 (68dba2d8a0b149a1d3afac56fa74648032bcf46b-refs/branch-heads/4324@{#1784}) on port 32929
Only local connections are allowed.
Please see https://chromedriver.chromium.org/security-considerations for suggestions on keeping ChromeDriver safe.
ChromeDriver was started successfully.
Mar 14, 2021 3:45:18 PM org.openqa.selenium.remote.ProtocolHandshake createSession
INFO: Detected dialect: W3C
]]></system-err>
  </testcase>
</testsuite>